This is XeTeX, Version 3.1415926-2.4-0.9998 (TeX Live 2012) (format=xelatex 2012.6.30)  3 JAN 2015 14:32
entering extended mode
 restricted \write18 enabled.
 %&-line parsing enabled.
**lec_style.tex
(./lec_style.tex
LaTeX2e <2011/06/27>
Babel <v3.8m> and hyphenation patterns for english, dumylang, nohyphenation, ge
rman-x-2012-05-30, ngerman-x-2012-05-30, afrikaans, ancientgreek, ibycus, arabi
c, armenian, basque, bulgarian, catalan, pinyin, coptic, croatian, czech, danis
h, dutch, ukenglish, usenglishmax, esperanto, estonian, ethiopic, farsi, finnis
h, french, friulan, galician, german, ngerman, swissgerman, monogreek, greek, h
ungarian, icelandic, assamese, bengali, gujarati, hindi, kannada, malayalam, ma
rathi, oriya, panjabi, tamil, telugu, indonesian, interlingua, irish, italian, 
kurmanji, latin, latvian, lithuanian, mongolian, mongolianlmc, bokmal, nynorsk,
 polish, portuguese, romanian, romansh, russian, sanskrit, serbian, serbianc, s
lovak, slovenian, spanish, swedish, turkish, turkmen, ukrainian, uppersorbian, 
welsh, loaded.
! Undefined control sequence.
l.8 \usetheme
             {Pittsburgh}
? 
! Emergency stop.
l.8 \usetheme
             {Pittsburgh}
End of file on the terminal!

 
Here is how much of TeX's memory you used:
 4 strings out of 494004
 50 string characters out of 3150890
 48089 words of memory out of 3000000
 3367 multiletter control sequences out of 15000+200000
 3640 words of font info for 14 fonts, out of 3000000 for 9000
 1144 hyphenation exceptions out of 8191
 5i,0n,1p,81b,8s stack positions out of 5000i,500n,10000p,200000b,50000s
No pages of output.
